Arguments: 
  /usr/local/bin/node /usr/bin/yarn init

PATH: 
  /usr/local/bin:/usr/bin:/usr/local/sbin:/usr/sbin:/home/ec2-user/.local/bin:/home/ec2-user/bin

Yarn version: 
  1.22.17

Node version: 
  16.13.0

Platform: 
  linux x64

Trace: 
  Error: canceled
      at Interface.<anonymous> (/usr/lib/node_modules/yarn/lib/cli.js:137143:13)
      at Interface.emit (node:events:390:28)
      at Interface._ttyWrite (node:readline:1081:16)
      at ReadStream.onkeypress (node:readline:288:10)
      at ReadStream.emit (node:events:390:28)
      at emitKeys (node:internal/readline/utils:358:14)
      at emitKeys.next (<anonymous>)
      at ReadStream.onData (node:internal/readline/emitKeypressEvents:61:36)
      at ReadStream.emit (node:events:390:28)
      at addChunk (node:internal/streams/readable:315:12)

npm manifest: 
  {
    "name": "puppeteer-test",
    "version": "1.0.0",
    "description": "chrome to database",
    "main": "index.js",
    "scripts": {
      "test": "echo \"Error: no test specified\" && exit 1"
    },
    "repository": {
      "type": "git",
      "url": "git+https://github.com/Hikarusomai/puppeter-test.git"
    },
    "keywords": [
      "puppeter"
    ],
    "author": "Salim",
    "license": "MIT",
    "bugs": {
      "url": "https://github.com/Hikarusomai/puppeter-test/issues"
    },
    "homepage": "https://github.com/Hikarusomai/puppeter-test#readme",
    "dependencies": {
      "axios": "^0.21.1",
      "express": "^4.17.1",
      "imgbb-uploader": "^1.3.3",
      "mysql": "^2.18.1",
      "puppeteer": "^10.2.0",
      "uuid": "^8.3.2"
    },
    "devDependencies": {
      "nodemon": "^2.0.15"
    }
  }

yarn manifest: 
  No manifest

Lockfile: 
  No lockfile
